<?xml version="1.0" encoding="utf-8"?>
<!DOCTYPE coverage SYSTEM "http://cobertura.sourceforge.net/xml/coverage-04.dtd">
<coverage line-rate="0.6929824561403509" branch-rate="0.625" lines-covered="158" lines-valid="228" branches-covered="40" branches-valid="64" complexity="75" version="0" timestamp="1640107344">
  <sources>
    <source>D:\Matfyz\Zimni semestr 21-22\Ukoly\Prog c#\ProgrammingCSharpHW\Expressions\</source>
    <source>C:\</source>
  </sources>
  <packages>
    <package name="Expressions" line-rate="0.72" branch-rate="0.8" complexity="50">
      <classes>
        <class name="Expressions.ErrorNode" filename="D:\Matfyz\Zimni semestr 21-22\Ukoly\Prog c#\ProgrammingCSharpHW\Expressions\Expressions\Program.cs" line-rate="1" branch-rate="1" complexity="2">
          <methods>
            <method name="get_Error" signature="()" line-rate="1" branch-rate="1" complexity="1">
              <lines>
                <line number="61" hits="8" branch="false" />
              </lines>
            </method>
            <method name=".ctor" signature="(...)" line-rate="1" branch-rate="1" complexity="1">
              <lines>
                <line number="56" hits="4" branch="false" />
                <line number="57" hits="4" branch="false" />
                <line number="58" hits="4" branch="false" />
                <line number="59" hits="4" branch="false" />
              </lines>
            </method>
          </methods>
          <lines>
            <line number="56" hits="4" branch="false" />
            <line number="57" hits="4" branch="false" />
            <line number="58" hits="4" branch="false" />
            <line number="59" hits="4" branch="false" />
            <line number="61" hits="8" branch="false" />
          </lines>
        </class>
        <class name="Expressions.ExpTree" filename="D:\Matfyz\Zimni semestr 21-22\Ukoly\Prog c#\ProgrammingCSharpHW\Expressions\Expressions\Program.cs" line-rate="0.8214285714285714" branch-rate="0.8421052631578947" complexity="38">
          <methods>
            <method name="BuildTree" signature="(...)" line-rate="0.6153846153846154" branch-rate="0.5" complexity="2">
              <lines>
                <line number="97" hits="6" branch="false" />
                <line number="98" hits="6" branch="false" />
                <line number="100" hits="6" branch="false" />
                <line number="102" hits="6" branch="true" condition-coverage="50% (1/2)" />
                <line number="103" hits="0" branch="false" />
                <line number="104" hits="0" branch="false" />
                <line number="107" hits="6" branch="false" />
                <line number="109" hits="6" branch="false" />
                <line number="110" hits="6" branch="false" />
                <line number="112" hits="0" branch="false" />
                <line number="113" hits="0" branch="false" />
                <line number="115" hits="0" branch="false" />
                <line number="120" hits="6" branch="false" />
              </lines>
            </method>
            <method name="AddToTree" signature="(...)" line-rate="0.8333333333333334" branch-rate="0.8636363636363636" complexity="22">
              <lines>
                <line number="127" hits="6" branch="false" />
                <line number="128" hits="6" branch="false" />
                <line number="130" hits="74" branch="true" condition-coverage="100% (2/2)" />
                <line number="131" hits="33" branch="false" />
                <line number="132" hits="33" branch="true" condition-coverage="100% (2/2)" />
                <line number="133" hits="18" branch="false" />
                <line number="134" hits="18" branch="false" />
                <line number="135" hits="18" branch="false" />
                <line number="136" hits="15" branch="true" condition-coverage="100% (10/10)" />
                <line number="137" hits="15" branch="false" />
                <line number="138" hits="13" branch="false" />
                <line number="139" hits="13" branch="true" condition-coverage="100% (2/2)" />
                <line number="140" hits="2" branch="false" />
                <line number="141" hits="2" branch="false" />
                <line number="142" hits="2" branch="true" condition-coverage="50% (1/2)" />
                <line number="143" hits="2" branch="false" />
                <line number="144" hits="2" branch="false" />
                <line number="145" hits="2" branch="false" />
                <line number="146" hits="2" branch="false" />
                <line number="149" hits="0" branch="false" />
                <line number="150" hits="11" branch="true" condition-coverage="50% (1/2)" />
                <line number="151" hits="11" branch="false" />
                <line number="152" hits="11" branch="false" />
                <line number="153" hits="11" branch="false" />
                <line number="154" hits="11" branch="false" />
                <line number="155" hits="11" branch="false" />
                <line number="157" hits="0" branch="false" />
                <line number="158" hits="0" branch="false" />
                <line number="159" hits="0" branch="false" />
                <line number="160" hits="0" branch="false" />
                <line number="161" hits="11" branch="false" />
                <line number="163" hits="2" branch="false" />
                <line number="164" hits="2" branch="false" />
                <line number="165" hits="2" branch="false" />
                <line number="167" hits="29" branch="false" />
                <line number="168" hits="4" branch="false" />
                <line number="169" hits="4" branch="true" condition-coverage="50% (1/2)" />
                <line number="170" hits="0" branch="false" />
                <line number="171" hits="0" branch="false" />
                <line number="174" hits="4" branch="false" />
                <line number="175" hits="4" branch="false" />
                <line number="177" hits="6" branch="false" />
              </lines>
            </method>
            <method name="ResolveTree" signature="(...)" line-rate="0.896551724137931" branch-rate="0.8571428571428571" complexity="14">
              <lines>
                <line number="184" hits="28" branch="false" />
                <line number="185" hits="28" branch="true" condition-coverage="100% (2/2)" />
                <line number="186" hits="2" branch="false" />
                <line number="187" hits="2" branch="false" />
                <line number="189" hits="26" branch="true" condition-coverage="100% (2/2)" />
                <line number="190" hits="15" branch="false" />
                <line number="191" hits="15" branch="false" />
                <line number="193" hits="11" branch="true" condition-coverage="50% (1/2)" />
                <line number="194" hits="11" branch="false" />
                <line number="195" hits="11" branch="false" />
                <line number="196" hits="11" branch="false" />
                <line number="198" hits="11" branch="false" />
                <line number="200" hits="11" branch="false" />
                <line number="201" hits="11" branch="true" condition-coverage="88% (7/8)" />
                <line number="204" hits="4" branch="false" />
                <line number="206" hits="4" branch="false" />
                <line number="208" hits="1" branch="false" />
                <line number="211" hits="2" branch="false" />
                <line number="212" hits="2" branch="false" />
                <line number="214" hits="1" branch="false" />
                <line number="215" hits="1" branch="false" />
                <line number="217" hits="1" branch="false" />
                <line number="221" hits="0" branch="false" />
                <line number="225" hits="1" branch="false" />
                <line number="226" hits="1" branch="false" />
                <line number="227" hits="1" branch="false" />
                <line number="231" hits="0" branch="false" />
                <line number="232" hits="0" branch="false" />
                <line number="234" hits="28" branch="false" />
              </lines>
            </method>
          </methods>
          <lines>
            <line number="97" hits="6" branch="false" />
            <line number="98" hits="6" branch="false" />
            <line number="100" hits="6" branch="false" />
            <line number="102" hits="6" branch="true" condition-coverage="50% (1/2)" />
            <line number="103" hits="0" branch="false" />
            <line number="104" hits="0" branch="false" />
            <line number="107" hits="6" branch="false" />
            <line number="109" hits="6" branch="false" />
            <line number="110" hits="6" branch="false" />
            <line number="112" hits="0" branch="false" />
            <line number="113" hits="0" branch="false" />
            <line number="115" hits="0" branch="false" />
            <line number="120" hits="6" branch="false" />
            <line number="127" hits="6" branch="false" />
            <line number="128" hits="6" branch="false" />
            <line number="130" hits="74" branch="true" condition-coverage="100% (2/2)" />
            <line number="131" hits="33" branch="false" />
            <line number="132" hits="33" branch="true" condition-coverage="100% (2/2)" />
            <line number="133" hits="18" branch="false" />
            <line number="134" hits="18" branch="false" />
            <line number="135" hits="18" branch="false" />
            <line number="136" hits="15" branch="true" condition-coverage="100% (10/10)" />
            <line number="137" hits="15" branch="false" />
            <line number="138" hits="13" branch="false" />
            <line number="139" hits="13" branch="true" condition-coverage="100% (2/2)" />
            <line number="140" hits="2" branch="false" />
            <line number="141" hits="2" branch="false" />
            <line number="142" hits="2" branch="true" condition-coverage="50% (1/2)" />
            <line number="143" hits="2" branch="false" />
            <line number="144" hits="2" branch="false" />
            <line number="145" hits="2" branch="false" />
            <line number="146" hits="2" branch="false" />
            <line number="149" hits="0" branch="false" />
            <line number="150" hits="11" branch="true" condition-coverage="50% (1/2)" />
            <line number="151" hits="11" branch="false" />
            <line number="152" hits="11" branch="false" />
            <line number="153" hits="11" branch="false" />
            <line number="154" hits="11" branch="false" />
            <line number="155" hits="11" branch="false" />
            <line number="157" hits="0" branch="false" />
            <line number="158" hits="0" branch="false" />
            <line number="159" hits="0" branch="false" />
            <line number="160" hits="0" branch="false" />
            <line number="161" hits="11" branch="false" />
            <line number="163" hits="2" branch="false" />
            <line number="164" hits="2" branch="false" />
            <line number="165" hits="2" branch="false" />
            <line number="167" hits="29" branch="false" />
            <line number="168" hits="4" branch="false" />
            <line number="169" hits="4" branch="true" condition-coverage="50% (1/2)" />
            <line number="170" hits="0" branch="false" />
            <line number="171" hits="0" branch="false" />
            <line number="174" hits="4" branch="false" />
            <line number="175" hits="4" branch="false" />
            <line number="177" hits="6" branch="false" />
            <line number="184" hits="28" branch="false" />
            <line number="185" hits="28" branch="true" condition-coverage="100% (2/2)" />
            <line number="186" hits="2" branch="false" />
            <line number="187" hits="2" branch="false" />
            <line number="189" hits="26" branch="true" condition-coverage="100% (2/2)" />
            <line number="190" hits="15" branch="false" />
            <line number="191" hits="15" branch="false" />
            <line number="193" hits="11" branch="true" condition-coverage="50% (1/2)" />
            <line number="194" hits="11" branch="false" />
            <line number="195" hits="11" branch="false" />
            <line number="196" hits="11" branch="false" />
            <line number="198" hits="11" branch="false" />
            <line number="200" hits="11" branch="false" />
            <line number="201" hits="11" branch="true" condition-coverage="88% (7/8)" />
            <line number="204" hits="4" branch="false" />
            <line number="206" hits="4" branch="false" />
            <line number="208" hits="1" branch="false" />
            <line number="211" hits="2" branch="false" />
            <line number="212" hits="2" branch="false" />
            <line number="214" hits="1" branch="false" />
            <line number="215" hits="1" branch="false" />
            <line number="217" hits="1" branch="false" />
            <line number="221" hits="0" branch="false" />
            <line number="225" hits="1" branch="false" />
            <line number="226" hits="1" branch="false" />
            <line number="227" hits="1" branch="false" />
            <line number="231" hits="0" branch="false" />
            <line number="232" hits="0" branch="false" />
            <line number="234" hits="28" branch="false" />
          </lines>
        </class>
        <class name="Expressions.Inputer" filename="D:\Matfyz\Zimni semestr 21-22\Ukoly\Prog c#\ProgrammingCSharpHW\Expressions\Expressions\Program.cs" line-rate="0" branch-rate="1" complexity="1">
          <methods>
            <method name="GetInput" signature="()" line-rate="0" branch-rate="1" complexity="1">
              <lines>
                <line number="67" hits="0" branch="false" />
                <line number="68" hits="0" branch="false" />
                <line number="69" hits="0" branch="false" />
              </lines>
            </method>
          </methods>
          <lines>
            <line number="67" hits="0" branch="false" />
            <line number="68" hits="0" branch="false" />
            <line number="69" hits="0" branch="false" />
          </lines>
        </class>
        <class name="Expressions.Node" filename="D:\Matfyz\Zimni semestr 21-22\Ukoly\Prog c#\ProgrammingCSharpHW\Expressions\Expressions\Program.cs" line-rate="1" branch-rate="1" complexity="2">
          <methods>
            <method name="get_Left" signature="()" line-rate="1" branch-rate="1" complexity="1">
              <lines>
                <line number="28" hits="51" branch="false" />
              </lines>
            </method>
            <method name="get_Right" signature="()" line-rate="1" branch-rate="1" complexity="1">
              <lines>
                <line number="29" hits="51" branch="false" />
              </lines>
            </method>
          </methods>
          <lines>
            <line number="28" hits="51" branch="false" />
            <line number="29" hits="51" branch="false" />
          </lines>
        </class>
        <class name="Expressions.OperandNode" filename="D:\Matfyz\Zimni semestr 21-22\Ukoly\Prog c#\ProgrammingCSharpHW\Expressions\Expressions\Program.cs" line-rate="1" branch-rate="1" complexity="2">
          <methods>
            <method name="get_OperandVal" signature="()" line-rate="1" branch-rate="1" complexity="1">
              <lines>
                <line number="33" hits="55" branch="false" />
              </lines>
            </method>
            <method name=".ctor" signature="(...)" line-rate="1" branch-rate="1" complexity="1">
              <lines>
                <line number="35" hits="29" branch="false" />
                <line number="36" hits="29" branch="false" />
                <line number="37" hits="29" branch="false" />
                <line number="38" hits="29" branch="false" />
                <line number="39" hits="29" branch="false" />
                <line number="40" hits="29" branch="false" />
              </lines>
            </method>
          </methods>
          <lines>
            <line number="33" hits="55" branch="false" />
            <line number="35" hits="29" branch="false" />
            <line number="36" hits="29" branch="false" />
            <line number="37" hits="29" branch="false" />
            <line number="38" hits="29" branch="false" />
            <line number="39" hits="29" branch="false" />
            <line number="40" hits="29" branch="false" />
          </lines>
        </class>
        <class name="Expressions.OperatorNode" filename="D:\Matfyz\Zimni semestr 21-22\Ukoly\Prog c#\ProgrammingCSharpHW\Expressions\Expressions\Program.cs" line-rate="1" branch-rate="1" complexity="2">
          <methods>
            <method name="get_OperatorType" signature="()" line-rate="1" branch-rate="1" complexity="1">
              <lines>
                <line number="44" hits="22" branch="false" />
              </lines>
            </method>
            <method name=".ctor" signature="(...)" line-rate="1" branch-rate="1" complexity="1">
              <lines>
                <line number="46" hits="11" branch="false" />
                <line number="47" hits="11" branch="false" />
                <line number="48" hits="11" branch="false" />
                <line number="49" hits="11" branch="false" />
                <line number="50" hits="11" branch="false" />
                <line number="51" hits="11" branch="false" />
              </lines>
            </method>
          </methods>
          <lines>
            <line number="44" hits="22" branch="false" />
            <line number="46" hits="11" branch="false" />
            <line number="47" hits="11" branch="false" />
            <line number="48" hits="11" branch="false" />
            <line number="49" hits="11" branch="false" />
            <line number="50" hits="11" branch="false" />
            <line number="51" hits="11" branch="false" />
          </lines>
        </class>
        <class name="Expressions.Outputer" filename="D:\Matfyz\Zimni semestr 21-22\Ukoly\Prog c#\ProgrammingCSharpHW\Expressions\Expressions\Program.cs" line-rate="0" branch-rate="0" complexity="2">
          <methods>
            <method name="OutputResult" signature="(...)" line-rate="0" branch-rate="0" complexity="2">
              <lines>
                <line number="75" hits="0" branch="false" />
                <line number="76" hits="0" branch="true" condition-coverage="0% (0/2)" />
                <line number="77" hits="0" branch="false" />
                <line number="78" hits="0" branch="false" />
                <line number="79" hits="0" branch="false" />
                <line number="81" hits="0" branch="false" />
                <line number="82" hits="0" branch="false" />
                <line number="83" hits="0" branch="false" />
                <line number="85" hits="0" branch="false" />
              </lines>
            </method>
          </methods>
          <lines>
            <line number="75" hits="0" branch="false" />
            <line number="76" hits="0" branch="true" condition-coverage="0% (0/2)" />
            <line number="77" hits="0" branch="false" />
            <line number="78" hits="0" branch="false" />
            <line number="79" hits="0" branch="false" />
            <line number="81" hits="0" branch="false" />
            <line number="82" hits="0" branch="false" />
            <line number="83" hits="0" branch="false" />
            <line number="85" hits="0" branch="false" />
          </lines>
        </class>
        <class name="Expressions.Program" filename="D:\Matfyz\Zimni semestr 21-22\Ukoly\Prog c#\ProgrammingCSharpHW\Expressions\Expressions\Program.cs" line-rate="0" branch-rate="1" complexity="1">
          <methods>
            <method name="Main" signature="(...)" line-rate="0" branch-rate="1" complexity="1">
              <lines>
                <line number="240" hits="0" branch="false" />
                <line number="241" hits="0" branch="false" />
                <line number="242" hits="0" branch="false" />
                <line number="243" hits="0" branch="false" />
                <line number="244" hits="0" branch="false" />
                <line number="246" hits="0" branch="false" />
                <line number="247" hits="0" branch="false" />
                <line number="248" hits="0" branch="false" />
              </lines>
            </method>
          </methods>
          <lines>
            <line number="240" hits="0" branch="false" />
            <line number="241" hits="0" branch="false" />
            <line number="242" hits="0" branch="false" />
            <line number="243" hits="0" branch="false" />
            <line number="244" hits="0" branch="false" />
            <line number="246" hits="0" branch="false" />
            <line number="247" hits="0" branch="false" />
            <line number="248" hits="0" branch="false" />
          </lines>
        </class>
      </classes>
    </package>
    <package name="ExpTests" line-rate="0.6601941747572816" branch-rate="0.3333333333333333" complexity="25">
      <classes>
        <class name="AutoGeneratedProgram" filename="C:\Users\skejt\.nuget\packages\microsoft.net.test.sdk\16.5.0\build\netcoreapp2.1\Microsoft.NET.Test.Sdk.Program.cs" line-rate="0" branch-rate="1" complexity="1">
          <methods>
            <method name="Main" signature="(...)" line-rate="0" branch-rate="1" complexity="1">
              <lines>
                <line number="4" hits="0" branch="false" />
              </lines>
            </method>
          </methods>
          <lines>
            <line number="4" hits="0" branch="false" />
          </lines>
        </class>
        <class name="ExpTests.Tests" filename="D:\Matfyz\Zimni semestr 21-22\Ukoly\Prog c#\ProgrammingCSharpHW\Expressions\ExpTests\UnitTest1.cs" line-rate="0.6666666666666666" branch-rate="0.3333333333333333" complexity="24">
          <methods>
            <method name="SimpleExp" signature="()" line-rate="0.7058823529411765" branch-rate="0.5" complexity="4">
              <lines>
                <line number="10" hits="1" branch="false" />
                <line number="11" hits="1" branch="false" />
                <line number="12" hits="1" branch="false" />
                <line number="13" hits="1" branch="false" />
                <line number="14" hits="1" branch="false" />
                <line number="15" hits="1" branch="false" />
                <line number="16" hits="1" branch="false" />
                <line number="17" hits="1" branch="true" condition-coverage="50% (1/2)" />
                <line number="18" hits="0" branch="false" />
                <line number="19" hits="0" branch="false" />
                <line number="20" hits="0" branch="false" />
                <line number="21" hits="1" branch="true" condition-coverage="50% (1/2)" />
                <line number="22" hits="1" branch="false" />
                <line number="23" hits="1" branch="false" />
                <line number="24" hits="1" branch="false" />
                <line number="25" hits="0" branch="false" />
                <line number="27" hits="0" branch="false" />
              </lines>
            </method>
            <method name="ComplexExpression" signature="()" line-rate="0.7058823529411765" branch-rate="0.5" complexity="4">
              <lines>
                <line number="31" hits="1" branch="false" />
                <line number="32" hits="1" branch="false" />
                <line number="33" hits="1" branch="false" />
                <line number="34" hits="1" branch="false" />
                <line number="35" hits="1" branch="false" />
                <line number="36" hits="1" branch="false" />
                <line number="37" hits="1" branch="false" />
                <line number="38" hits="1" branch="true" condition-coverage="50% (1/2)" />
                <line number="39" hits="0" branch="false" />
                <line number="40" hits="0" branch="false" />
                <line number="41" hits="0" branch="false" />
                <line number="42" hits="1" branch="true" condition-coverage="50% (1/2)" />
                <line number="43" hits="1" branch="false" />
                <line number="44" hits="1" branch="false" />
                <line number="45" hits="1" branch="false" />
                <line number="46" hits="0" branch="false" />
                <line number="48" hits="0" branch="false" />
              </lines>
            </method>
            <method name="Overflow" signature="()" line-rate="0.6470588235294118" branch-rate="0.25" complexity="4">
              <lines>
                <line number="52" hits="1" branch="false" />
                <line number="53" hits="1" branch="false" />
                <line number="54" hits="1" branch="false" />
                <line number="55" hits="1" branch="false" />
                <line number="56" hits="1" branch="false" />
                <line number="57" hits="1" branch="false" />
                <line number="58" hits="1" branch="false" />
                <line number="59" hits="1" branch="true" condition-coverage="50% (1/2)" />
                <line number="60" hits="1" branch="false" />
                <line number="61" hits="1" branch="false" />
                <line number="62" hits="1" branch="false" />
                <line number="63" hits="0" branch="false" />
                <line number="64" hits="0" branch="true" condition-coverage="0% (0/2)" />
                <line number="65" hits="0" branch="false" />
                <line number="66" hits="0" branch="false" />
                <line number="67" hits="0" branch="false" />
                <line number="68" hits="0" branch="false" />
              </lines>
            </method>
            <method name="ZeroDivision" signature="()" line-rate="0.6470588235294118" branch-rate="0.25" complexity="4">
              <lines>
                <line number="72" hits="1" branch="false" />
                <line number="73" hits="1" branch="false" />
                <line number="74" hits="1" branch="false" />
                <line number="75" hits="1" branch="false" />
                <line number="76" hits="1" branch="false" />
                <line number="77" hits="1" branch="false" />
                <line number="78" hits="1" branch="false" />
                <line number="79" hits="1" branch="true" condition-coverage="50% (1/2)" />
                <line number="80" hits="1" branch="false" />
                <line number="81" hits="1" branch="false" />
                <line number="82" hits="1" branch="false" />
                <line number="83" hits="0" branch="false" />
                <line number="84" hits="0" branch="true" condition-coverage="0% (0/2)" />
                <line number="85" hits="0" branch="false" />
                <line number="86" hits="0" branch="false" />
                <line number="87" hits="0" branch="false" />
                <line number="89" hits="0" branch="false" />
              </lines>
            </method>
            <method name="TooManyOperands" signature="()" line-rate="0.6470588235294118" branch-rate="0.25" complexity="4">
              <lines>
                <line number="93" hits="1" branch="false" />
                <line number="94" hits="1" branch="false" />
                <line number="95" hits="1" branch="false" />
                <line number="96" hits="1" branch="false" />
                <line number="97" hits="1" branch="false" />
                <line number="98" hits="1" branch="false" />
                <line number="99" hits="1" branch="false" />
                <line number="100" hits="1" branch="true" condition-coverage="50% (1/2)" />
                <line number="101" hits="1" branch="false" />
                <line number="102" hits="1" branch="false" />
                <line number="103" hits="1" branch="false" />
                <line number="104" hits="0" branch="false" />
                <line number="105" hits="0" branch="true" condition-coverage="0% (0/2)" />
                <line number="106" hits="0" branch="false" />
                <line number="107" hits="0" branch="false" />
                <line number="108" hits="0" branch="false" />
                <line number="110" hits="0" branch="false" />
              </lines>
            </method>
            <method name="OperandTooLarge" signature="()" line-rate="0.6470588235294118" branch-rate="0.25" complexity="4">
              <lines>
                <line number="114" hits="1" branch="false" />
                <line number="115" hits="1" branch="false" />
                <line number="116" hits="1" branch="false" />
                <line number="117" hits="1" branch="false" />
                <line number="118" hits="1" branch="false" />
                <line number="119" hits="1" branch="false" />
                <line number="120" hits="1" branch="false" />
                <line number="121" hits="1" branch="true" condition-coverage="50% (1/2)" />
                <line number="122" hits="1" branch="false" />
                <line number="123" hits="1" branch="false" />
                <line number="124" hits="1" branch="false" />
                <line number="125" hits="0" branch="false" />
                <line number="126" hits="0" branch="true" condition-coverage="0% (0/2)" />
                <line number="127" hits="0" branch="false" />
                <line number="128" hits="0" branch="false" />
                <line number="129" hits="0" branch="false" />
                <line number="131" hits="0" branch="false" />
              </lines>
            </method>
          </methods>
          <lines>
            <line number="10" hits="1" branch="false" />
            <line number="11" hits="1" branch="false" />
            <line number="12" hits="1" branch="false" />
            <line number="13" hits="1" branch="false" />
            <line number="14" hits="1" branch="false" />
            <line number="15" hits="1" branch="false" />
            <line number="16" hits="1" branch="false" />
            <line number="17" hits="1" branch="true" condition-coverage="50% (1/2)" />
            <line number="18" hits="0" branch="false" />
            <line number="19" hits="0" branch="false" />
            <line number="20" hits="0" branch="false" />
            <line number="21" hits="1" branch="true" condition-coverage="50% (1/2)" />
            <line number="22" hits="1" branch="false" />
            <line number="23" hits="1" branch="false" />
            <line number="24" hits="1" branch="false" />
            <line number="25" hits="0" branch="false" />
            <line number="27" hits="0" branch="false" />
            <line number="31" hits="1" branch="false" />
            <line number="32" hits="1" branch="false" />
            <line number="33" hits="1" branch="false" />
            <line number="34" hits="1" branch="false" />
            <line number="35" hits="1" branch="false" />
            <line number="36" hits="1" branch="false" />
            <line number="37" hits="1" branch="false" />
            <line number="38" hits="1" branch="true" condition-coverage="50% (1/2)" />
            <line number="39" hits="0" branch="false" />
            <line number="40" hits="0" branch="false" />
            <line number="41" hits="0" branch="false" />
            <line number="42" hits="1" branch="true" condition-coverage="50% (1/2)" />
            <line number="43" hits="1" branch="false" />
            <line number="44" hits="1" branch="false" />
            <line number="45" hits="1" branch="false" />
            <line number="46" hits="0" branch="false" />
            <line number="48" hits="0" branch="false" />
            <line number="52" hits="1" branch="false" />
            <line number="53" hits="1" branch="false" />
            <line number="54" hits="1" branch="false" />
            <line number="55" hits="1" branch="false" />
            <line number="56" hits="1" branch="false" />
            <line number="57" hits="1" branch="false" />
            <line number="58" hits="1" branch="false" />
            <line number="59" hits="1" branch="true" condition-coverage="50% (1/2)" />
            <line number="60" hits="1" branch="false" />
            <line number="61" hits="1" branch="false" />
            <line number="62" hits="1" branch="false" />
            <line number="63" hits="0" branch="false" />
            <line number="64" hits="0" branch="true" condition-coverage="0% (0/2)" />
            <line number="65" hits="0" branch="false" />
            <line number="66" hits="0" branch="false" />
            <line number="67" hits="0" branch="false" />
            <line number="68" hits="0" branch="false" />
            <line number="72" hits="1" branch="false" />
            <line number="73" hits="1" branch="false" />
            <line number="74" hits="1" branch="false" />
            <line number="75" hits="1" branch="false" />
            <line number="76" hits="1" branch="false" />
            <line number="77" hits="1" branch="false" />
            <line number="78" hits="1" branch="false" />
            <line number="79" hits="1" branch="true" condition-coverage="50% (1/2)" />
            <line number="80" hits="1" branch="false" />
            <line number="81" hits="1" branch="false" />
            <line number="82" hits="1" branch="false" />
            <line number="83" hits="0" branch="false" />
            <line number="84" hits="0" branch="true" condition-coverage="0% (0/2)" />
            <line number="85" hits="0" branch="false" />
            <line number="86" hits="0" branch="false" />
            <line number="87" hits="0" branch="false" />
            <line number="89" hits="0" branch="false" />
            <line number="93" hits="1" branch="false" />
            <line number="94" hits="1" branch="false" />
            <line number="95" hits="1" branch="false" />
            <line number="96" hits="1" branch="false" />
            <line number="97" hits="1" branch="false" />
            <line number="98" hits="1" branch="false" />
            <line number="99" hits="1" branch="false" />
            <line number="100" hits="1" branch="true" condition-coverage="50% (1/2)" />
            <line number="101" hits="1" branch="false" />
            <line number="102" hits="1" branch="false" />
            <line number="103" hits="1" branch="false" />
            <line number="104" hits="0" branch="false" />
            <line number="105" hits="0" branch="true" condition-coverage="0% (0/2)" />
            <line number="106" hits="0" branch="false" />
            <line number="107" hits="0" branch="false" />
            <line number="108" hits="0" branch="false" />
            <line number="110" hits="0" branch="false" />
            <line number="114" hits="1" branch="false" />
            <line number="115" hits="1" branch="false" />
            <line number="116" hits="1" branch="false" />
            <line number="117" hits="1" branch="false" />
            <line number="118" hits="1" branch="false" />
            <line number="119" hits="1" branch="false" />
            <line number="120" hits="1" branch="false" />
            <line number="121" hits="1" branch="true" condition-coverage="50% (1/2)" />
            <line number="122" hits="1" branch="false" />
            <line number="123" hits="1" branch="false" />
            <line number="124" hits="1" branch="false" />
            <line number="125" hits="0" branch="false" />
            <line number="126" hits="0" branch="true" condition-coverage="0% (0/2)" />
            <line number="127" hits="0" branch="false" />
            <line number="128" hits="0" branch="false" />
            <line number="129" hits="0" branch="false" />
            <line number="131" hits="0" branch="false" />
          </lines>
        </class>
      </classes>
    </package>
  </packages>
</coverage>